
                            Formality (R)
                Version Z-2006.12-SP3 -- Apr 12, 2007
              Copyright (c) 1988-2008 by Synopsys, Inc.
                         ALL RIGHTS RESERVED

This program is proprietary and confidential information of Synopsys, Inc.
and may be used and disclosed only as authorized in a license agreement
controlling such use and disclosure.

  ** Highlights of Formality 2006.12 **
   - Formality's next-generation data path technology is able to verify the
     newest and most complex DC Ultra optimizations. 
   - Setup can be substantially reduced by using the new synopsys_auto_setup
     variable.
     * Please refer to the Formality Release Notes for details on variable
       settings and functionality.

Hostname: server3 (linux)
Current time: Tue Jun 24 15:13:57 2008

Loading db file '/ecad/synopsys/fmZ-2006.12-SP3/libraries/syn/gtech.db'
Error: could not open script file "runfm_rt.tcl" (CMD-015)
fm_shell (setup)> ll
Error: unknown command 'll' (CMD-005)
Information: Defining new variable 'auto_index'. (CMD-041)
Information: Defining new variable 'auto_oldpath'. (CMD-041)
fm_shell (setup)> exit

Maximum memory usage for this session: 7324 KB
CPU usage for this session: 0.23 seconds

Thank you for using Formality (R)!
