 
****************************************
Report : port
        -verbose
Design : des
Version: Z-2007.03-SP1
Date   : Fri Sep 18 12:13:11 2009
****************************************



Attributes:
    d - dont_touch_network
    i - ideal_network

                       Pin      Wire     Max     Max     Connection
Port           Dir     Load     Load     Trans   Cap     Class      Attrs
--------------------------------------------------------------------------------
POR            in      0.0000   0.0000   --      --      --         d, i
Test_Mode      in      0.0000   0.0000   --      --      --         
haddr[0]       in      0.0000   0.0000   --      --      --         
haddr[1]       in      0.0000   0.0000   --      --      --         
haddr[2]       in      0.0000   0.0000   --      --      --         
haddr[3]       in      0.0000   0.0000   --      --      --         
haddr[4]       in      0.0000   0.0000   --      --      --         
haddr[5]       in      0.0000   0.0000   --      --      --         
haddr[6]       in      0.0000   0.0000   --      --      --         
haddr[7]       in      0.0000   0.0000   --      --      --         
haddr[8]       in      0.0000   0.0000   --      --      --         
haddr[9]       in      0.0000   0.0000   --      --      --         
hburst[0]      in      0.0000   0.0000   --      --      --         
hburst[1]      in      0.0000   0.0000   --      --      --         
hburst[2]      in      0.0000   0.0000   --      --      --         
hclk           in      0.0000   0.0000   --      --      --         
hready         in      0.0000   0.0000   --      --      --         
hresetn        in      0.0000   0.0000   --      --      --         d, i
hsel           in      0.0000   0.0000   --      --      --         
hsize[0]       in      0.0000   0.0000   --      --      --         
hsize[1]       in      0.0000   0.0000   --      --      --         
hsize[2]       in      0.0000   0.0000   --      --      --         
htrans[0]      in      0.0000   0.0000   --      --      --         
htrans[1]      in      0.0000   0.0000   --      --      --         
hwdata[0]      in      0.0000   0.0000   --      --      --         
hwdata[1]      in      0.0000   0.0000   --      --      --         
hwdata[2]      in      0.0000   0.0000   --      --      --         
hwdata[3]      in      0.0000   0.0000   --      --      --         
hwdata[4]      in      0.0000   0.0000   --      --      --         
hwdata[5]      in      0.0000   0.0000   --      --      --         
hwdata[6]      in      0.0000   0.0000   --      --      --         
hwdata[7]      in      0.0000   0.0000   --      --      --         
hwdata[8]      in      0.0000   0.0000   --      --      --         
hwdata[9]      in      0.0000   0.0000   --      --      --         
hwdata[10]     in      0.0000   0.0000   --      --      --         
hwdata[11]     in      0.0000   0.0000   --      --      --         
hwdata[12]     in      0.0000   0.0000   --      --      --         
hwdata[13]     in      0.0000   0.0000   --      --      --         
hwdata[14]     in      0.0000   0.0000   --      --      --         
hwdata[15]     in      0.0000   0.0000   --      --      --         
hwdata[16]     in      0.0000   0.0000   --      --      --         
hwdata[17]     in      0.0000   0.0000   --      --      --         
hwdata[18]     in      0.0000   0.0000   --      --      --         
hwdata[19]     in      0.0000   0.0000   --      --      --         
hwdata[20]     in      0.0000   0.0000   --      --      --         
hwdata[21]     in      0.0000   0.0000   --      --      --         
hwdata[22]     in      0.0000   0.0000   --      --      --         
hwdata[23]     in      0.0000   0.0000   --      --      --         
hwdata[24]     in      0.0000   0.0000   --      --      --         
hwdata[25]     in      0.0000   0.0000   --      --      --         
hwdata[26]     in      0.0000   0.0000   --      --      --         
hwdata[27]     in      0.0000   0.0000   --      --      --         
hwdata[28]     in      0.0000   0.0000   --      --      --         
hwdata[29]     in      0.0000   0.0000   --      --      --         
hwdata[30]     in      0.0000   0.0000   --      --      --         
hwdata[31]     in      0.0000   0.0000   --      --      --         
hwrite         in      0.0000   0.0000   --      --      --         
hrdata[0]      out     0.0000   0.0000   --      --      --         
hrdata[1]      out     0.0000   0.0000   --      --      --         
hrdata[2]      out     0.0000   0.0000   --      --      --         
hrdata[3]      out     0.0000   0.0000   --      --      --         
hrdata[4]      out     0.0000   0.0000   --      --      --         
hrdata[5]      out     0.0000   0.0000   --      --      --         
hrdata[6]      out     0.0000   0.0000   --      --      --         
hrdata[7]      out     0.0000   0.0000   --      --      --         
hrdata[8]      out     0.0000   0.0000   --      --      --         
hrdata[9]      out     0.0000   0.0000   --      --      --         
hrdata[10]     out     0.0000   0.0000   --      --      --         
hrdata[11]     out     0.0000   0.0000   --      --      --         
hrdata[12]     out     0.0000   0.0000   --      --      --         
hrdata[13]     out     0.0000   0.0000   --      --      --         
hrdata[14]     out     0.0000   0.0000   --      --      --         
hrdata[15]     out     0.0000   0.0000   --      --      --         
hrdata[16]     out     0.0000   0.0000   --      --      --         
hrdata[17]     out     0.0000   0.0000   --      --      --         
hrdata[18]     out     0.0000   0.0000   --      --      --         
hrdata[19]     out     0.0000   0.0000   --      --      --         
hrdata[20]     out     0.0000   0.0000   --      --      --         
hrdata[21]     out     0.0000   0.0000   --      --      --         
hrdata[22]     out     0.0000   0.0000   --      --      --         
hrdata[23]     out     0.0000   0.0000   --      --      --         
hrdata[24]     out     0.0000   0.0000   --      --      --         
hrdata[25]     out     0.0000   0.0000   --      --      --         
hrdata[26]     out     0.0000   0.0000   --      --      --         
hrdata[27]     out     0.0000   0.0000   --      --      --         
hrdata[28]     out     0.0000   0.0000   --      --      --         
hrdata[29]     out     0.0000   0.0000   --      --      --         
hrdata[30]     out     0.0000   0.0000   --      --      --         
hrdata[31]     out     0.0000   0.0000   --      --      --         
hready_resp    out     0.0000   0.0000   --      --      --         
hresp[0]       out     0.0000   0.0000   --      --      --         
hresp[1]       out     0.0000   0.0000   --      --      --         


              External  Max             Min                Min       Min
              Number    Wireload        Wireload           Pin       Wire
Port          Points    Model           Model              Load      Load
--------------------------------------------------------------------------------
POR                1      --              --              --        -- 
Test_Mode          1      --              --              --        -- 
haddr[0]           1      --              --              --        -- 
haddr[1]           1      --              --              --        -- 
haddr[2]           1      --              --              --        -- 
haddr[3]           1      --              --              --        -- 
haddr[4]           1      --              --              --        -- 
haddr[5]           1      --              --              --        -- 
haddr[6]           1      --              --              --        -- 
haddr[7]           1      --              --              --        -- 
haddr[8]           1      --              --              --        -- 
haddr[9]           1      --              --              --        -- 
hburst[0]          1      --              --              --        -- 
hburst[1]          1      --              --              --        -- 
hburst[2]          1      --              --              --        -- 
hclk               1      --              --              --        -- 
hready             1      --              --              --        -- 
hresetn            1      --              --              --        -- 
hsel               1      --              --              --        -- 
hsize[0]           1      --              --              --        -- 
hsize[1]           1      --              --              --        -- 
hsize[2]           1      --              --              --        -- 
htrans[0]          1      --              --              --        -- 
htrans[1]          1      --              --              --        -- 
hwdata[0]          1      --              --              --        -- 
hwdata[1]          1      --              --              --        -- 
hwdata[2]          1      --              --              --        -- 
hwdata[3]          1      --              --              --        -- 
hwdata[4]          1      --              --              --        -- 
hwdata[5]          1      --              --              --        -- 
hwdata[6]          1      --              --              --        -- 
hwdata[7]          1      --              --              --        -- 
hwdata[8]          1      --              --              --        -- 
hwdata[9]          1      --              --              --        -- 
hwdata[10]         1      --              --              --        -- 
hwdata[11]         1      --              --              --        -- 
hwdata[12]         1      --              --              --        -- 
hwdata[13]         1      --              --              --        -- 
hwdata[14]         1      --              --              --        -- 
hwdata[15]         1      --              --              --        -- 
hwdata[16]         1      --              --              --        -- 
hwdata[17]         1      --              --              --        -- 
hwdata[18]         1      --              --              --        -- 
hwdata[19]         1      --              --              --        -- 
hwdata[20]         1      --              --              --        -- 
hwdata[21]         1      --              --              --        -- 
hwdata[22]         1      --              --              --        -- 
hwdata[23]         1      --              --              --        -- 
hwdata[24]         1      --              --              --        -- 
hwdata[25]         1      --              --              --        -- 
hwdata[26]         1      --              --              --        -- 
hwdata[27]         1      --              --              --        -- 
hwdata[28]         1      --              --              --        -- 
hwdata[29]         1      --              --              --        -- 
hwdata[30]         1      --              --              --        -- 
hwdata[31]         1      --              --              --        -- 
hwrite             1      --              --              --        -- 
hrdata[0]          1      --              --              --        -- 
hrdata[1]          1      --              --              --        -- 
hrdata[2]          1      --              --              --        -- 
hrdata[3]          1      --              --              --        -- 
hrdata[4]          1      --              --              --        -- 
hrdata[5]          1      --              --              --        -- 
hrdata[6]          1      --              --              --        -- 
hrdata[7]          1      --              --              --        -- 
hrdata[8]          1      --              --              --        -- 
hrdata[9]          1      --              --              --        -- 
hrdata[10]         1      --              --              --        -- 
hrdata[11]         1      --              --              --        -- 
hrdata[12]         1      --              --              --        -- 
hrdata[13]         1      --              --              --        -- 
hrdata[14]         1      --              --              --        -- 
hrdata[15]         1      --              --              --        -- 
hrdata[16]         1      --              --              --        -- 
hrdata[17]         1      --              --              --        -- 
hrdata[18]         1      --              --              --        -- 
hrdata[19]         1      --              --              --        -- 
hrdata[20]         1      --              --              --        -- 
hrdata[21]         1      --              --              --        -- 
hrdata[22]         1      --              --              --        -- 
hrdata[23]         1      --              --              --        -- 
hrdata[24]         1      --              --              --        -- 
hrdata[25]         1      --              --              --        -- 
hrdata[26]         1      --              --              --        -- 
hrdata[27]         1      --              --              --        -- 
hrdata[28]         1      --              --              --        -- 
hrdata[29]         1      --              --              --        -- 
hrdata[30]         1      --              --              --        -- 
hrdata[31]         1      --              --              --        -- 
hready_resp        1      --              --              --        -- 
hresp[0]           1      --              --              --        -- 
hresp[1]           1      --              --              --        -- 

                    Input Delay
                  Min             Max       Related   Max
Input Port    Rise    Fall    Rise    Fall   Clock  Fanout
--------------------------------------------------------------------------------
POR          25.00   25.00   25.00   25.00  hclk      -- 
Test_Mode     --      --      --      --      --      -- 
haddr[0]     25.00   25.00   25.00   25.00  hclk      -- 
haddr[1]     25.00   25.00   25.00   25.00  hclk      -- 
haddr[2]     25.00   25.00   25.00   25.00  hclk      -- 
haddr[3]     25.00   25.00   25.00   25.00  hclk      -- 
haddr[4]     25.00   25.00   25.00   25.00  hclk      -- 
haddr[5]     25.00   25.00   25.00   25.00  hclk      -- 
haddr[6]     25.00   25.00   25.00   25.00  hclk      -- 
haddr[7]     25.00   25.00   25.00   25.00  hclk      -- 
haddr[8]     25.00   25.00   25.00   25.00  hclk      -- 
haddr[9]     25.00   25.00   25.00   25.00  hclk      -- 
hburst[0]    25.00   25.00   25.00   25.00  hclk      -- 
hburst[1]    25.00   25.00   25.00   25.00  hclk      -- 
hburst[2]    25.00   25.00   25.00   25.00  hclk      -- 
hclk          --      --      --      --      --      -- 
hready       25.00   25.00   25.00   25.00  hclk      -- 
hresetn      25.00   25.00   25.00   25.00  hclk      -- 
hsel         25.00   25.00   25.00   25.00  hclk      -- 
hsize[0]     25.00   25.00   25.00   25.00  hclk      -- 
hsize[1]     25.00   25.00   25.00   25.00  hclk      -- 
hsize[2]     25.00   25.00   25.00   25.00  hclk      -- 
htrans[0]    25.00   25.00   25.00   25.00  hclk      -- 
htrans[1]    25.00   25.00   25.00   25.00  hclk      -- 
hwdata[0]    25.00   25.00   25.00   25.00  hclk      -- 
hwdata[1]    25.00   25.00   25.00   25.00  hclk      -- 
hwdata[2]    25.00   25.00   25.00   25.00  hclk      -- 
hwdata[3]    25.00   25.00   25.00   25.00  hclk      -- 
hwdata[4]    25.00   25.00   25.00   25.00  hclk      -- 
hwdata[5]    25.00   25.00   25.00   25.00  hclk      -- 
hwdata[6]    25.00   25.00   25.00   25.00  hclk      -- 
hwdata[7]    25.00   25.00   25.00   25.00  hclk      -- 
hwdata[8]    25.00   25.00   25.00   25.00  hclk      -- 
hwdata[9]    25.00   25.00   25.00   25.00  hclk      -- 
hwdata[10]   25.00   25.00   25.00   25.00  hclk      -- 
hwdata[11]   25.00   25.00   25.00   25.00  hclk      -- 
hwdata[12]   25.00   25.00   25.00   25.00  hclk      -- 
hwdata[13]   25.00   25.00   25.00   25.00  hclk      -- 
hwdata[14]   25.00   25.00   25.00   25.00  hclk      -- 
hwdata[15]   25.00   25.00   25.00   25.00  hclk      -- 
hwdata[16]   25.00   25.00   25.00   25.00  hclk      -- 
hwdata[17]   25.00   25.00   25.00   25.00  hclk      -- 
hwdata[18]   25.00   25.00   25.00   25.00  hclk      -- 
hwdata[19]   25.00   25.00   25.00   25.00  hclk      -- 
hwdata[20]   25.00   25.00   25.00   25.00  hclk      -- 
hwdata[21]   25.00   25.00   25.00   25.00  hclk      -- 
hwdata[22]   25.00   25.00   25.00   25.00  hclk      -- 
hwdata[23]   25.00   25.00   25.00   25.00  hclk      -- 
hwdata[24]   25.00   25.00   25.00   25.00  hclk      -- 
hwdata[25]   25.00   25.00   25.00   25.00  hclk      -- 
hwdata[26]   25.00   25.00   25.00   25.00  hclk      -- 
hwdata[27]   25.00   25.00   25.00   25.00  hclk      -- 
hwdata[28]   25.00   25.00   25.00   25.00  hclk      -- 
hwdata[29]   25.00   25.00   25.00   25.00  hclk      -- 
hwdata[30]   25.00   25.00   25.00   25.00  hclk      -- 
hwdata[31]   25.00   25.00   25.00   25.00  hclk      -- 
hwrite       25.00   25.00   25.00   25.00  hclk      -- 


               Max Drive      Min Drive      Resistance    Min    Min       Cell
Input Port    Rise    Fall   Rise    Fall   Max     Min    Cap    Fanout    Deg
--------------------------------------------------------------------------------
POR           --      --     --      --     --      --     --     --        -- 
Test_Mode     --      --     --      --     --      --     --     --        -- 
haddr[0]      --      --     --      --     --      --     --     --        -- 
haddr[1]      --      --     --      --     --      --     --     --        -- 
haddr[2]      --      --     --      --     --      --     --     --        -- 
haddr[3]      --      --     --      --     --      --     --     --        -- 
haddr[4]      --      --     --      --     --      --     --     --        -- 
haddr[5]      --      --     --      --     --      --     --     --        -- 
haddr[6]      --      --     --      --     --      --     --     --        -- 
haddr[7]      --      --     --      --     --      --     --     --        -- 
haddr[8]      --      --     --      --     --      --     --     --        -- 
haddr[9]      --      --     --      --     --      --     --     --        -- 
hburst[0]     --      --     --      --     --      --     --     --        -- 
hburst[1]     --      --     --      --     --      --     --     --        -- 
hburst[2]     --      --     --      --     --      --     --     --        -- 
hclk          --      --     --      --     --      --     --     --        -- 
hready        --      --     --      --     --      --     --     --        -- 
hresetn       --      --     --      --     --      --     --     --        -- 
hsel          --      --     --      --     --      --     --     --        -- 
hsize[0]      --      --     --      --     --      --     --     --        -- 
hsize[1]      --      --     --      --     --      --     --     --        -- 
hsize[2]      --      --     --      --     --      --     --     --        -- 
htrans[0]     --      --     --      --     --      --     --     --        -- 
htrans[1]     --      --     --      --     --      --     --     --        -- 
hwdata[0]     --      --     --      --     --      --     --     --        -- 
hwdata[1]     --      --     --      --     --      --     --     --        -- 
hwdata[2]     --      --     --      --     --      --     --     --        -- 
hwdata[3]     --      --     --      --     --      --     --     --        -- 
hwdata[4]     --      --     --      --     --      --     --     --        -- 
hwdata[5]     --      --     --      --     --      --     --     --        -- 
hwdata[6]     --      --     --      --     --      --     --     --        -- 
hwdata[7]     --      --     --      --     --      --     --     --        -- 
hwdata[8]     --      --     --      --     --      --     --     --        -- 
hwdata[9]     --      --     --      --     --      --     --     --        -- 
hwdata[10]    --      --     --      --     --      --     --     --        -- 
hwdata[11]    --      --     --      --     --      --     --     --        -- 
hwdata[12]    --      --     --      --     --      --     --     --        -- 
hwdata[13]    --      --     --      --     --      --     --     --        -- 
hwdata[14]    --      --     --      --     --      --     --     --        -- 
hwdata[15]    --      --     --      --     --      --     --     --        -- 
hwdata[16]    --      --     --      --     --      --     --     --        -- 
hwdata[17]    --      --     --      --     --      --     --     --        -- 
hwdata[18]    --      --     --      --     --      --     --     --        -- 
hwdata[19]    --      --     --      --     --      --     --     --        -- 
hwdata[20]    --      --     --      --     --      --     --     --        -- 
hwdata[21]    --      --     --      --     --      --     --     --        -- 
hwdata[22]    --      --     --      --     --      --     --     --        -- 
hwdata[23]    --      --     --      --     --      --     --     --        -- 
hwdata[24]    --      --     --      --     --      --     --     --        -- 
hwdata[25]    --      --     --      --     --      --     --     --        -- 
hwdata[26]    --      --     --      --     --      --     --     --        -- 
hwdata[27]    --      --     --      --     --      --     --     --        -- 
hwdata[28]    --      --     --      --     --      --     --     --        -- 
hwdata[29]    --      --     --      --     --      --     --     --        -- 
hwdata[30]    --      --     --      --     --      --     --     --        -- 
hwdata[31]    --      --     --      --     --      --     --     --        -- 
hwrite        --      --     --      --     --      --     --     --        -- 


               Max Tran        Min Tran
Input Port    Rise    Fall    Rise    Fall
--------------------------------------------------------------------------------
POR           --      --      --      -- 
Test_Mode     --      --      --      -- 
haddr[0]      --      --      --      -- 
haddr[1]      --      --      --      -- 
haddr[2]      --      --      --      -- 
haddr[3]      --      --      --      -- 
haddr[4]      --      --      --      -- 
haddr[5]      --      --      --      -- 
haddr[6]      --      --      --      -- 
haddr[7]      --      --      --      -- 
haddr[8]      --      --      --      -- 
haddr[9]      --      --      --      -- 
hburst[0]     --      --      --      -- 
hburst[1]     --      --      --      -- 
hburst[2]     --      --      --      -- 
hclk          --      --      --      -- 
hready        --      --      --      -- 
hresetn       --      --      --      -- 
hsel          --      --      --      -- 
hsize[0]      --      --      --      -- 
hsize[1]      --      --      --      -- 
hsize[2]      --      --      --      -- 
htrans[0]     --      --      --      -- 
htrans[1]     --      --      --      -- 
hwdata[0]     --      --      --      -- 
hwdata[1]     --      --      --      -- 
hwdata[2]     --      --      --      -- 
hwdata[3]     --      --      --      -- 
hwdata[4]     --      --      --      -- 
hwdata[5]     --      --      --      -- 
hwdata[6]     --      --      --      -- 
hwdata[7]     --      --      --      -- 
hwdata[8]     --      --      --      -- 
hwdata[9]     --      --      --      -- 
hwdata[10]    --      --      --      -- 
hwdata[11]    --      --      --      -- 
hwdata[12]    --      --      --      -- 
hwdata[13]    --      --      --      -- 
hwdata[14]    --      --      --      -- 
hwdata[15]    --      --      --      -- 
hwdata[16]    --      --      --      -- 
hwdata[17]    --      --      --      -- 
hwdata[18]    --      --      --      -- 
hwdata[19]    --      --      --      -- 
hwdata[20]    --      --      --      -- 
hwdata[21]    --      --      --      -- 
hwdata[22]    --      --      --      -- 
hwdata[23]    --      --      --      -- 
hwdata[24]    --      --      --      -- 
hwdata[25]    --      --      --      -- 
hwdata[26]    --      --      --      -- 
hwdata[27]    --      --      --      -- 
hwdata[28]    --      --      --      -- 
hwdata[29]    --      --      --      -- 
hwdata[30]    --      --      --      -- 
hwdata[31]    --      --      --      -- 
hwrite        --      --      --      -- 


                    Output Delay
                  Min             Max      Related  Fanout
Output Port   Rise    Fall    Rise    Fall  Clock     Load
--------------------------------------------------------------------------------
hrdata[0]    25.00   25.00   25.00   25.00  hclk      0.00
hrdata[1]    25.00   25.00   25.00   25.00  hclk      0.00
hrdata[2]    25.00   25.00   25.00   25.00  hclk      0.00
hrdata[3]    25.00   25.00   25.00   25.00  hclk      0.00
hrdata[4]    25.00   25.00   25.00   25.00  hclk      0.00
hrdata[5]    25.00   25.00   25.00   25.00  hclk      0.00
hrdata[6]    25.00   25.00   25.00   25.00  hclk      0.00
hrdata[7]    25.00   25.00   25.00   25.00  hclk      0.00
hrdata[8]    25.00   25.00   25.00   25.00  hclk      0.00
hrdata[9]    25.00   25.00   25.00   25.00  hclk      0.00
hrdata[10]   25.00   25.00   25.00   25.00  hclk      0.00
hrdata[11]   25.00   25.00   25.00   25.00  hclk      0.00
hrdata[12]   25.00   25.00   25.00   25.00  hclk      0.00
hrdata[13]   25.00   25.00   25.00   25.00  hclk      0.00
hrdata[14]   25.00   25.00   25.00   25.00  hclk      0.00
hrdata[15]   25.00   25.00   25.00   25.00  hclk      0.00
hrdata[16]   25.00   25.00   25.00   25.00  hclk      0.00
hrdata[17]   25.00   25.00   25.00   25.00  hclk      0.00
hrdata[18]   25.00   25.00   25.00   25.00  hclk      0.00
hrdata[19]   25.00   25.00   25.00   25.00  hclk      0.00
hrdata[20]   25.00   25.00   25.00   25.00  hclk      0.00
hrdata[21]   25.00   25.00   25.00   25.00  hclk      0.00
hrdata[22]   25.00   25.00   25.00   25.00  hclk      0.00
hrdata[23]   25.00   25.00   25.00   25.00  hclk      0.00
hrdata[24]   25.00   25.00   25.00   25.00  hclk      0.00
hrdata[25]   25.00   25.00   25.00   25.00  hclk      0.00
hrdata[26]   25.00   25.00   25.00   25.00  hclk      0.00
hrdata[27]   25.00   25.00   25.00   25.00  hclk      0.00
hrdata[28]   25.00   25.00   25.00   25.00  hclk      0.00
hrdata[29]   25.00   25.00   25.00   25.00  hclk      0.00
hrdata[30]   25.00   25.00   25.00   25.00  hclk      0.00
hrdata[31]   25.00   25.00   25.00   25.00  hclk      0.00
hready_resp  25.00   25.00   25.00   25.00  hclk      0.00
hresp[0]     25.00   25.00   25.00   25.00  hclk      0.00
hresp[1]     25.00   25.00   25.00   25.00  hclk      0.00

1
