 
****************************************
Report : qor
Design : des
Version: Z-2007.03-SP1
Date   : Fri Sep 18 12:13:11 2009
****************************************


  Timing Path Group 'hclk'
  -----------------------------------
  Levels of Logic:               6.00
  Critical Path Length:          3.43
  Critical Path Slack:          16.57
  Critical Path Clk Period:     50.00
  Total Negative Slack:          0.00
  No. of Violating Paths:        0.00
  No. of Hold Violations:       22.00
  -----------------------------------


  Cell Count
  -----------------------------------
  Hierarchial Cell Count:          24
  Hierarchial Port Count:        1491
  Leaf Cell Count:               4329
  -----------------------------------


  Area
  -----------------------------------
  Combinational Area:    23874.000000
  Noncombinational Area:  7804.000000
  Net Area:                  0.000000
  -----------------------------------
  Cell Area:             31678.000000
  Design Area:           31678.000000


  Design Rules
  -----------------------------------
  Total Number of Nets:          4380
  Nets With Violations:             3
  -----------------------------------


  Hostname: shserver28

  Compile CPU Statistics
  -----------------------------------
  Resource Sharing:              2.42
  Logic Optimization:           13.66
  Mapping Optimization:         18.00
  -----------------------------------
  Overall Compile Time:         39.87

1
