 
****************************************
Report : net
        -transition_times
Design : des
Version: Z-2007.03-SP1
Date   : Fri Sep 18 12:13:11 2009
****************************************


Operating Conditions: WCCOM   Library: fsa0a_c_sc_wc
Wire Load Model Mode: top

Design        Wire Load Model            Library
------------------------------------------------
des                    enG500K           fsa0a_c_sc_wc


Attributes:
   dr - drc disabled
    d - dont_touch
    I - ideal_network

Net                 Fanout     Fanin      Load   Resistance    Pins   Attributes
--------------------------------------------------------------------------------
CLKGATING_hclk_POWERGATING_hclk_N26_0_0
                         8         1      0.19         0.00       9   dr
N19                      1         1      0.05         0.00       2   
N20                      1         1      0.05         0.00       2   
N21                      1         1      0.05         0.00       2   
N22                      1         1      0.05         0.00       2   
N23                      1         1      0.05         0.00       2   
N24                      1         1      0.05         0.00       2   
N25                      1         1      0.05         0.00       2   
N26                      1         1      0.05         0.00       2   
N27                      1         1      0.05         0.00       2   
N31                      2         1      0.08         0.00       3   
N32                      1         1      0.05         0.00       2   
N33                      1         1      0.05         0.00       2   
N34                      1         1      0.05         0.00       2   
N35                      1         1      0.05         0.00       2   
N42                      1         1      0.05         0.00       2   
N43                      1         1      0.05         0.00       2   
N44                      1         1      0.05         0.00       2   
N45                      1         1      0.05         0.00       2   
N46                      1         1      0.05         0.00       2   
N47                      1         1      0.05         0.00       2   
N48                      1         1      0.05         0.00       2   
N49                      1         1      0.05         0.00       2   
N50                      1         1      0.05         0.00       2   
N51                      1         1      0.05         0.00       2   
N52                      1         1      0.05         0.00       2   
N53                      1         1      0.05         0.00       2   
N54                      1         1      0.05         0.00       2   
N55                      1         1      0.05         0.00       2   
N56                      1         1      0.05         0.00       2   
N57                      1         1      0.05         0.00       2   
N58                      1         1      0.05         0.00       2   
N59                      1         1      0.05         0.00       2   
N60                      1         1      0.05         0.00       2   
N61                      1         1      0.05         0.00       2   
N62                      1         1      0.05         0.00       2   
N63                      1         1      0.05         0.00       2   
N64                      1         1      0.05         0.00       2   
N65                      1         1      0.05         0.00       2   
N66                      1         1      0.05         0.00       2   
N67                      1         1      0.05         0.00       2   
N68                      1         1      0.05         0.00       2   
N69                      1         1      0.05         0.00       2   
N70                      1         1      0.05         0.00       2   
N71                      1         1      0.05         0.00       2   
N72                      1         1      0.05         0.00       2   
N73                      1         1      0.05         0.00       2   
N74                      1         1      0.05         0.00       2   
N75                      1         1      0.05         0.00       2   
N76                      1         1      0.05         0.00       2   
N77                      1         1      0.05         0.00       2   
N82                      1         1      0.05         0.00       2   
POR                    192         1      0.00         0.00     193   d, I
Test_Mode                8         1      0.19         0.00       9   
clr_ptr                  6         1      0.19         0.00       7   
dbusin[0]                3         1      0.11         0.00       4   
dbusin[1]                9         1      0.25         0.00      10   
dbusin[2]                9         1      0.25         0.00      10   
dbusin[3]                9         1      0.25         0.00      10   
dbusin[4]                9         1      0.25         0.00      10   
dbusin[5]                9         1      0.25         0.00      10   
dbusin[6]                9         1      0.25         0.00      10   
dbusin[7]                9         1      0.25         0.00      10   
dbusin[8]                2         1      0.09         0.00       3   
dbusin[9]                8         1      0.23         0.00       9   
dbusin[10]               8         1      0.23         0.00       9   
dbusin[11]               8         1      0.23         0.00       9   
dbusin[12]               8         1      0.23         0.00       9   
dbusin[13]               8         1      0.23         0.00       9   
dbusin[14]               8         1      0.23         0.00       9   
dbusin[15]               8         1      0.23         0.00       9   
dbusin[16]               2         1      0.09         0.00       3   
dbusin[17]               8         1      0.23         0.00       9   
dbusin[18]               8         1      0.23         0.00       9   
dbusin[19]               8         1      0.23         0.00       9   
dbusin[20]               8         1      0.23         0.00       9   
dbusin[21]               8         1      0.23         0.00       9   
dbusin[22]               8         1      0.23         0.00       9   
dbusin[23]               8         1      0.23         0.00       9   
dbusin[24]               2         1      0.09         0.00       3   
dbusin[25]               8         1      0.23         0.00       9   
dbusin[26]               8         1      0.23         0.00       9   
dbusin[27]               8         1      0.23         0.00       9   
dbusin[28]               8         1      0.23         0.00       9   
dbusin[29]               8         1      0.23         0.00       9   
dbusin[30]               8         1      0.23         0.00       9   
dbusin[31]               8         1      0.23         0.00       9   
des_start                1         1      0.06         0.00       2   
desctrl[4]               2         1      0.07         0.00       3   
desctrl[5]               4         1      0.14         0.00       5   
desctrl[6]               5         1      0.15         0.00       6   
desctrl[7]               3         1      0.11         0.00       4   
desctrl_0                3         1      0.10         0.00       4   
desctrl_1                3         1      0.10         0.00       4   
desctrl_sel              2         1      0.07         0.00       3   
desctrl_sel_d1           1         1      0.05         0.00       2   
desdat_8_out[0]          1         1      0.05         0.00       2   
desdat_8_out[1]          1         1      0.05         0.00       2   
desdat_8_out[2]          1         1      0.05         0.00       2   
desdat_8_out[3]          1         1      0.05         0.00       2   
desdat_8_out[4]          1         1      0.05         0.00       2   
desdat_8_out[5]          1         1      0.05         0.00       2   
desdat_8_out[6]          1         1      0.05         0.00       2   
desdat_8_out[7]          1         1      0.05         0.00       2   
desdat_8_out[8]          1         1      0.05         0.00       2   
desdat_8_out[9]          1         1      0.05         0.00       2   
desdat_8_out[10]         1         1      0.05         0.00       2   
desdat_8_out[11]         1         1      0.05         0.00       2   
desdat_8_out[12]         1         1      0.05         0.00       2   
desdat_8_out[13]         1         1      0.05         0.00       2   
desdat_8_out[14]         1         1      0.05         0.00       2   
desdat_8_out[15]         1         1      0.05         0.00       2   
desdat_8_out[16]         1         1      0.05         0.00       2   
desdat_8_out[17]         1         1      0.05         0.00       2   
desdat_8_out[18]         1         1      0.05         0.00       2   
desdat_8_out[19]         1         1      0.05         0.00       2   
desdat_8_out[20]         1         1      0.05         0.00       2   
desdat_8_out[21]         1         1      0.05         0.00       2   
desdat_8_out[22]         1         1      0.05         0.00       2   
desdat_8_out[23]         1         1      0.05         0.00       2   
desdat_8_out[24]         1         1      0.05         0.00       2   
desdat_8_out[25]         1         1      0.05         0.00       2   
desdat_8_out[26]         1         1      0.05         0.00       2   
desdat_8_out[27]         1         1      0.05         0.00       2   
desdat_8_out[28]         1         1      0.05         0.00       2   
desdat_8_out[29]         1         1      0.05         0.00       2   
desdat_8_out[30]         1         1      0.05         0.00       2   
desdat_8_out[31]         1         1      0.05         0.00       2   
desdat_64_in[0]          1         1      0.05         0.00       2   
desdat_64_in[1]          1         1      0.05         0.00       2   
desdat_64_in[2]          1         1      0.05         0.00       2   
desdat_64_in[3]          1         1      0.05         0.00       2   
desdat_64_in[4]          1         1      0.05         0.00       2   
desdat_64_in[5]          1         1      0.05         0.00       2   
desdat_64_in[6]          1         1      0.05         0.00       2   
desdat_64_in[7]          1         1      0.05         0.00       2   
desdat_64_in[8]          1         1      0.05         0.00       2   
desdat_64_in[9]          1         1      0.05         0.00       2   
desdat_64_in[10]         1         1      0.05         0.00       2   
desdat_64_in[11]         1         1      0.05         0.00       2   
desdat_64_in[12]         1         1      0.05         0.00       2   
desdat_64_in[13]         1         1      0.05         0.00       2   
desdat_64_in[14]         1         1      0.05         0.00       2   
desdat_64_in[15]         1         1      0.05         0.00       2   
desdat_64_in[16]         1         1      0.05         0.00       2   
desdat_64_in[17]         1         1      0.05         0.00       2   
desdat_64_in[18]         1         1      0.05         0.00       2   
desdat_64_in[19]         1         1      0.05         0.00       2   
desdat_64_in[20]         1         1      0.05         0.00       2   
desdat_64_in[21]         1         1      0.05         0.00       2   
desdat_64_in[22]         1         1      0.05         0.00       2   
desdat_64_in[23]         1         1      0.05         0.00       2   
desdat_64_in[24]         1         1      0.05         0.00       2   
desdat_64_in[25]         1         1      0.05         0.00       2   
desdat_64_in[26]         1         1      0.05         0.00       2   
desdat_64_in[27]         1         1      0.05         0.00       2   
desdat_64_in[28]         1         1      0.05         0.00       2   
desdat_64_in[29]         1         1      0.05         0.00       2   
desdat_64_in[30]         1         1      0.05         0.00       2   
desdat_64_in[31]         1         1      0.05         0.00       2   
desdat_64_in[32]         1         1      0.05         0.00       2   
desdat_64_in[33]         1         1      0.05         0.00       2   
desdat_64_in[34]         1         1      0.05         0.00       2   
desdat_64_in[35]         1         1      0.05         0.00       2   
desdat_64_in[36]         1         1      0.05         0.00       2   
desdat_64_in[37]         1         1      0.05         0.00       2   
desdat_64_in[38]         1         1      0.05         0.00       2   
desdat_64_in[39]         1         1      0.05         0.00       2   
desdat_64_in[40]         1         1      0.05         0.00       2   
desdat_64_in[41]         1         1      0.05         0.00       2   
desdat_64_in[42]         1         1      0.05         0.00       2   
desdat_64_in[43]         1         1      0.05         0.00       2   
desdat_64_in[44]         1         1      0.05         0.00       2   
desdat_64_in[45]         1         1      0.05         0.00       2   
desdat_64_in[46]         1         1      0.05         0.00       2   
desdat_64_in[47]         1         1      0.05         0.00       2   
desdat_64_in[48]         1         1      0.05         0.00       2   
desdat_64_in[49]         1         1      0.05         0.00       2   
desdat_64_in[50]         1         1      0.05         0.00       2   
desdat_64_in[51]         1         1      0.05         0.00       2   
desdat_64_in[52]         1         1      0.05         0.00       2   
desdat_64_in[53]         1         1      0.05         0.00       2   
desdat_64_in[54]         1         1      0.05         0.00       2   
desdat_64_in[55]         1         1      0.05         0.00       2   
desdat_64_in[56]         1         1      0.05         0.00       2   
desdat_64_in[57]         1         1      0.05         0.00       2   
desdat_64_in[58]         1         1      0.05         0.00       2   
desdat_64_in[59]         1         1      0.05         0.00       2   
desdat_64_in[60]         1         1      0.05         0.00       2   
desdat_64_in[61]         1         1      0.05         0.00       2   
desdat_64_in[62]         1         1      0.05         0.00       2   
desdat_64_in[63]         1         1      0.05         0.00       2   
desdat_64_out[0]         4         1      0.13         0.00       5   
desdat_64_out[1]         4         1      0.13         0.00       5   
desdat_64_out[2]         4         1      0.13         0.00       5   
desdat_64_out[3]         4         1      0.13         0.00       5   
desdat_64_out[4]         4         1      0.13         0.00       5   
desdat_64_out[5]         4         1      0.13         0.00       5   
desdat_64_out[6]         4         1      0.13         0.00       5   
desdat_64_out[7]         4         1      0.13         0.00       5   
desdat_64_out[8]         4         1      0.13         0.00       5   
desdat_64_out[9]         4         1      0.13         0.00       5   
desdat_64_out[10]        4         1      0.13         0.00       5   
desdat_64_out[11]        4         1      0.13         0.00       5   
desdat_64_out[12]        4         1      0.13         0.00       5   
desdat_64_out[13]        4         1      0.13         0.00       5   
desdat_64_out[14]        4         1      0.13         0.00       5   
desdat_64_out[15]        4         1      0.13         0.00       5   
desdat_64_out[16]        4         1      0.13         0.00       5   
desdat_64_out[17]        4         1      0.13         0.00       5   
desdat_64_out[18]        4         1      0.13         0.00       5   
desdat_64_out[19]        4         1      0.13         0.00       5   
desdat_64_out[20]        4         1      0.13         0.00       5   
desdat_64_out[21]        4         1      0.13         0.00       5   
desdat_64_out[22]        4         1      0.13         0.00       5   
desdat_64_out[23]        4         1      0.13         0.00       5   
desdat_64_out[24]        4         1      0.13         0.00       5   
desdat_64_out[25]        4         1      0.13         0.00       5   
desdat_64_out[26]        4         1      0.13         0.00       5   
desdat_64_out[27]        4         1      0.13         0.00       5   
desdat_64_out[28]        4         1      0.13         0.00       5   
desdat_64_out[29]        4         1      0.13         0.00       5   
desdat_64_out[30]        4         1      0.13         0.00       5   
desdat_64_out[31]        4         1      0.13         0.00       5   
desdat_64_out[32]        4         1      0.13         0.00       5   
desdat_64_out[33]        4         1      0.13         0.00       5   
desdat_64_out[34]        4         1      0.13         0.00       5   
desdat_64_out[35]        4         1      0.13         0.00       5   
desdat_64_out[36]        4         1      0.13         0.00       5   
desdat_64_out[37]        4         1      0.13         0.00       5   
desdat_64_out[38]        4         1      0.13         0.00       5   
desdat_64_out[39]        4         1      0.13         0.00       5   
desdat_64_out[40]        4         1      0.13         0.00       5   
desdat_64_out[41]        4         1      0.13         0.00       5   
desdat_64_out[42]        4         1      0.13         0.00       5   
desdat_64_out[43]        4         1      0.13         0.00       5   
desdat_64_out[44]        4         1      0.13         0.00       5   
desdat_64_out[45]        4         1      0.13         0.00       5   
desdat_64_out[46]        4         1      0.13         0.00       5   
desdat_64_out[47]        4         1      0.13         0.00       5   
desdat_64_out[48]        4         1      0.13         0.00       5   
desdat_64_out[49]        4         1      0.13         0.00       5   
desdat_64_out[50]        4         1      0.13         0.00       5   
desdat_64_out[51]        4         1      0.13         0.00       5   
desdat_64_out[52]        4         1      0.13         0.00       5   
desdat_64_out[53]        4         1      0.13         0.00       5   
desdat_64_out[54]        4         1      0.13         0.00       5   
desdat_64_out[55]        4         1      0.13         0.00       5   
desdat_64_out[56]        4         1      0.13         0.00       5   
desdat_64_out[57]        4         1      0.13         0.00       5   
desdat_64_out[58]        4         1      0.13         0.00       5   
desdat_64_out[59]        4         1      0.13         0.00       5   
desdat_64_out[60]        4         1      0.13         0.00       5   
desdat_64_out[61]        4         1      0.13         0.00       5   
desdat_64_out[62]        4         1      0.13         0.00       5   
desdat_64_out[63]        4         1      0.13         0.00       5   
desdat_full              1         1      0.05         0.00       2   
desdat_rd                1         1      0.06         0.00       2   
desdat_ready             3         1      0.12         0.00       4   
desdat_sel_d1            1         1      0.05         0.00       2   
desdat_wr                4         1      0.14         0.00       5   
desiv_64_out[0]          2         1      0.08         0.00       3   
desiv_64_out[1]          2         1      0.08         0.00       3   
desiv_64_out[2]          2         1      0.08         0.00       3   
desiv_64_out[3]          2         1      0.08         0.00       3   
desiv_64_out[4]          2         1      0.08         0.00       3   
desiv_64_out[5]          2         1      0.08         0.00       3   
desiv_64_out[6]          2         1      0.08         0.00       3   
desiv_64_out[7]          2         1      0.08         0.00       3   
desiv_64_out[8]          2         1      0.08         0.00       3   
desiv_64_out[9]          2         1      0.08         0.00       3   
desiv_64_out[10]         2         1      0.08         0.00       3   
desiv_64_out[11]         2         1      0.08         0.00       3   
desiv_64_out[12]         2         1      0.08         0.00       3   
desiv_64_out[13]         2         1      0.08         0.00       3   
desiv_64_out[14]         2         1      0.08         0.00       3   
desiv_64_out[15]         2         1      0.08         0.00       3   
desiv_64_out[16]         2         1      0.08         0.00       3   
desiv_64_out[17]         2         1      0.08         0.00       3   
desiv_64_out[18]         2         1      0.08         0.00       3   
desiv_64_out[19]         2         1      0.08         0.00       3   
desiv_64_out[20]         2         1      0.08         0.00       3   
desiv_64_out[21]         2         1      0.08         0.00       3   
desiv_64_out[22]         2         1      0.08         0.00       3   
desiv_64_out[23]         2         1      0.08         0.00       3   
desiv_64_out[24]         2         1      0.08         0.00       3   
desiv_64_out[25]         2         1      0.08         0.00       3   
desiv_64_out[26]         2         1      0.08         0.00       3   
desiv_64_out[27]         2         1      0.08         0.00       3   
desiv_64_out[28]         2         1      0.08         0.00       3   
desiv_64_out[29]         2         1      0.08         0.00       3   
desiv_64_out[30]         2         1      0.08         0.00       3   
desiv_64_out[31]         2         1      0.08         0.00       3   
desiv_64_out[32]         2         1      0.08         0.00       3   
desiv_64_out[33]         2         1      0.08         0.00       3   
desiv_64_out[34]         2         1      0.08         0.00       3   
desiv_64_out[35]         2         1      0.08         0.00       3   
desiv_64_out[36]         2         1      0.08         0.00       3   
desiv_64_out[37]         2         1      0.08         0.00       3   
desiv_64_out[38]         2         1      0.08         0.00       3   
desiv_64_out[39]         2         1      0.08         0.00       3   
desiv_64_out[40]         2         1      0.08         0.00       3   
desiv_64_out[41]         2         1      0.08         0.00       3   
desiv_64_out[42]         2         1      0.08         0.00       3   
desiv_64_out[43]         2         1      0.08         0.00       3   
desiv_64_out[44]         2         1      0.08         0.00       3   
desiv_64_out[45]         2         1      0.08         0.00       3   
desiv_64_out[46]         2         1      0.08         0.00       3   
desiv_64_out[47]         2         1      0.08         0.00       3   
desiv_64_out[48]         2         1      0.08         0.00       3   
desiv_64_out[49]         2         1      0.08         0.00       3   
desiv_64_out[50]         2         1      0.08         0.00       3   
desiv_64_out[51]         2         1      0.08         0.00       3   
desiv_64_out[52]         2         1      0.08         0.00       3   
desiv_64_out[53]         2         1      0.08         0.00       3   
desiv_64_out[54]         2         1      0.08         0.00       3   
desiv_64_out[55]         2         1      0.08         0.00       3   
desiv_64_out[56]         2         1      0.08         0.00       3   
desiv_64_out[57]         2         1      0.08         0.00       3   
desiv_64_out[58]         2         1      0.08         0.00       3   
desiv_64_out[59]         2         1      0.08         0.00       3   
desiv_64_out[60]         2         1      0.08         0.00       3   
desiv_64_out[61]         2         1      0.08         0.00       3   
desiv_64_out[62]         2         1      0.08         0.00       3   
desiv_64_out[63]         2         1      0.08         0.00       3   
desiv_sel                1         1      0.05         0.00       2   
desiv_sel_d1             1         1      0.05         0.00       2   
desiv_wr                 3         1      0.11         0.00       4   
deskey1_64_out[0]        1         1      0.05         0.00       2   
deskey1_64_out[1]        1         1      0.05         0.00       2   
deskey1_64_out[2]        1         1      0.05         0.00       2   
deskey1_64_out[3]        1         1      0.05         0.00       2   
deskey1_64_out[4]        1         1      0.05         0.00       2   
deskey1_64_out[5]        1         1      0.05         0.00       2   
deskey1_64_out[6]        1         1      0.05         0.00       2   
deskey1_64_out[7]        1         1      0.05         0.00       2   
deskey1_64_out[8]        1         1      0.05         0.00       2   
deskey1_64_out[9]        1         1      0.05         0.00       2   
deskey1_64_out[10]       1         1      0.05         0.00       2   
deskey1_64_out[11]       1         1      0.05         0.00       2   
deskey1_64_out[12]       1         1      0.05         0.00       2   
deskey1_64_out[13]       1         1      0.05         0.00       2   
deskey1_64_out[14]       1         1      0.05         0.00       2   
deskey1_64_out[15]       1         1      0.05         0.00       2   
deskey1_64_out[16]       1         1      0.05         0.00       2   
deskey1_64_out[17]       1         1      0.05         0.00       2   
deskey1_64_out[18]       1         1      0.05         0.00       2   
deskey1_64_out[19]       1         1      0.05         0.00       2   
deskey1_64_out[20]       1         1      0.05         0.00       2   
deskey1_64_out[21]       1         1      0.05         0.00       2   
deskey1_64_out[22]       1         1      0.05         0.00       2   
deskey1_64_out[23]       1         1      0.05         0.00       2   
deskey1_64_out[24]       1         1      0.05         0.00       2   
deskey1_64_out[25]       1         1      0.05         0.00       2   
deskey1_64_out[26]       1         1      0.05         0.00       2   
deskey1_64_out[27]       1         1      0.05         0.00       2   
deskey1_64_out[28]       1         1      0.05         0.00       2   
deskey1_64_out[29]       1         1      0.05         0.00       2   
deskey1_64_out[30]       1         1      0.05         0.00       2   
deskey1_64_out[31]       1         1      0.05         0.00       2   
deskey1_64_out[32]       1         1      0.05         0.00       2   
deskey1_64_out[33]       1         1      0.05         0.00       2   
deskey1_64_out[34]       1         1      0.05         0.00       2   
deskey1_64_out[35]       1         1      0.05         0.00       2   
deskey1_64_out[36]       1         1      0.05         0.00       2   
deskey1_64_out[37]       1         1      0.05         0.00       2   
deskey1_64_out[38]       1         1      0.05         0.00       2   
deskey1_64_out[39]       1         1      0.05         0.00       2   
deskey1_64_out[40]       1         1      0.05         0.00       2   
deskey1_64_out[41]       1         1      0.05         0.00       2   
deskey1_64_out[42]       1         1      0.05         0.00       2   
deskey1_64_out[43]       1         1      0.05         0.00       2   
deskey1_64_out[44]       1         1      0.05         0.00       2   
deskey1_64_out[45]       1         1      0.05         0.00       2   
deskey1_64_out[46]       1         1      0.05         0.00       2   
deskey1_64_out[47]       1         1      0.05         0.00       2   
deskey1_64_out[48]       1         1      0.05         0.00       2   
deskey1_64_out[49]       1         1      0.05         0.00       2   
deskey1_64_out[50]       1         1      0.05         0.00       2   
deskey1_64_out[51]       1         1      0.05         0.00       2   
deskey1_64_out[52]       1         1      0.05         0.00       2   
deskey1_64_out[53]       1         1      0.05         0.00       2   
deskey1_64_out[54]       1         1      0.05         0.00       2   
deskey1_64_out[55]       1         1      0.05         0.00       2   
deskey1_64_out[56]       1         1      0.05         0.00       2   
deskey1_64_out[57]       1         1      0.05         0.00       2   
deskey1_64_out[58]       1         1      0.05         0.00       2   
deskey1_64_out[59]       1         1      0.05         0.00       2   
deskey1_64_out[60]       1         1      0.05         0.00       2   
deskey1_64_out[61]       1         1      0.05         0.00       2   
deskey1_64_out[62]       1         1      0.05         0.00       2   
deskey1_64_out[63]       1         1      0.05         0.00       2   
deskey2_64_out[0]        1         1      0.05         0.00       2   
deskey2_64_out[1]        1         1      0.05         0.00       2   
deskey2_64_out[2]        1         1      0.05         0.00       2   
deskey2_64_out[3]        1         1      0.05         0.00       2   
deskey2_64_out[4]        1         1      0.05         0.00       2   
deskey2_64_out[5]        1         1      0.05         0.00       2   
deskey2_64_out[6]        1         1      0.05         0.00       2   
deskey2_64_out[7]        1         1      0.05         0.00       2   
deskey2_64_out[8]        1         1      0.05         0.00       2   
deskey2_64_out[9]        1         1      0.05         0.00       2   
deskey2_64_out[10]       1         1      0.05         0.00       2   
deskey2_64_out[11]       1         1      0.05         0.00       2   
deskey2_64_out[12]       1         1      0.05         0.00       2   
deskey2_64_out[13]       1         1      0.05         0.00       2   
deskey2_64_out[14]       1         1      0.05         0.00       2   
deskey2_64_out[15]       1         1      0.05         0.00       2   
deskey2_64_out[16]       1         1      0.05         0.00       2   
deskey2_64_out[17]       1         1      0.05         0.00       2   
deskey2_64_out[18]       1         1      0.05         0.00       2   
deskey2_64_out[19]       1         1      0.05         0.00       2   
deskey2_64_out[20]       1         1      0.05         0.00       2   
deskey2_64_out[21]       1         1      0.05         0.00       2   
deskey2_64_out[22]       1         1      0.05         0.00       2   
deskey2_64_out[23]       1         1      0.05         0.00       2   
deskey2_64_out[24]       1         1      0.05         0.00       2   
deskey2_64_out[25]       1         1      0.05         0.00       2   
deskey2_64_out[26]       1         1      0.05         0.00       2   
deskey2_64_out[27]       1         1      0.05         0.00       2   
deskey2_64_out[28]       1         1      0.05         0.00       2   
deskey2_64_out[29]       1         1      0.05         0.00       2   
deskey2_64_out[30]       1         1      0.05         0.00       2   
deskey2_64_out[31]       1         1      0.05         0.00       2   
deskey2_64_out[32]       1         1      0.05         0.00       2   
deskey2_64_out[33]       1         1      0.05         0.00       2   
deskey2_64_out[34]       1         1      0.05         0.00       2   
deskey2_64_out[35]       1         1      0.05         0.00       2   
deskey2_64_out[36]       1         1      0.05         0.00       2   
deskey2_64_out[37]       1         1      0.05         0.00       2   
deskey2_64_out[38]       1         1      0.05         0.00       2   
deskey2_64_out[39]       1         1      0.05         0.00       2   
deskey2_64_out[40]       1         1      0.05         0.00       2   
deskey2_64_out[41]       1         1      0.05         0.00       2   
deskey2_64_out[42]       1         1      0.05         0.00       2   
deskey2_64_out[43]       1         1      0.05         0.00       2   
deskey2_64_out[44]       1         1      0.05         0.00       2   
deskey2_64_out[45]       1         1      0.05         0.00       2   
deskey2_64_out[46]       1         1      0.05         0.00       2   
deskey2_64_out[47]       1         1      0.05         0.00       2   
deskey2_64_out[48]       1         1      0.05         0.00       2   
deskey2_64_out[49]       1         1      0.05         0.00       2   
deskey2_64_out[50]       1         1      0.05         0.00       2   
deskey2_64_out[51]       1         1      0.05         0.00       2   
deskey2_64_out[52]       1         1      0.05         0.00       2   
deskey2_64_out[53]       1         1      0.05         0.00       2   
deskey2_64_out[54]       1         1      0.05         0.00       2   
deskey2_64_out[55]       1         1      0.05         0.00       2   
deskey2_64_out[56]       1         1      0.05         0.00       2   
deskey2_64_out[57]       1         1      0.05         0.00       2   
deskey2_64_out[58]       1         1      0.05         0.00       2   
deskey2_64_out[59]       1         1      0.05         0.00       2   
deskey2_64_out[60]       1         1      0.05         0.00       2   
deskey2_64_out[61]       1         1      0.05         0.00       2   
deskey2_64_out[62]       1         1      0.05         0.00       2   
deskey2_64_out[63]       1         1      0.05         0.00       2   
deskey3_64_out[0]        1         1      0.05         0.00       2   
deskey3_64_out[1]        1         1      0.05         0.00       2   
deskey3_64_out[2]        1         1      0.05         0.00       2   
deskey3_64_out[3]        1         1      0.05         0.00       2   
deskey3_64_out[4]        1         1      0.05         0.00       2   
deskey3_64_out[5]        1         1      0.05         0.00       2   
deskey3_64_out[6]        1         1      0.05         0.00       2   
deskey3_64_out[7]        1         1      0.05         0.00       2   
deskey3_64_out[8]        1         1      0.05         0.00       2   
deskey3_64_out[9]        1         1      0.05         0.00       2   
deskey3_64_out[10]       1         1      0.05         0.00       2   
deskey3_64_out[11]       1         1      0.05         0.00       2   
deskey3_64_out[12]       1         1      0.05         0.00       2   
deskey3_64_out[13]       1         1      0.05         0.00       2   
deskey3_64_out[14]       1         1      0.05         0.00       2   
deskey3_64_out[15]       1         1      0.05         0.00       2   
deskey3_64_out[16]       1         1      0.05         0.00       2   
deskey3_64_out[17]       1         1      0.05         0.00       2   
deskey3_64_out[18]       1         1      0.05         0.00       2   
deskey3_64_out[19]       1         1      0.05         0.00       2   
deskey3_64_out[20]       1         1      0.05         0.00       2   
deskey3_64_out[21]       1         1      0.05         0.00       2   
deskey3_64_out[22]       1         1      0.05         0.00       2   
deskey3_64_out[23]       1         1      0.05         0.00       2   
deskey3_64_out[24]       1         1      0.05         0.00       2   
deskey3_64_out[25]       1         1      0.05         0.00       2   
deskey3_64_out[26]       1         1      0.05         0.00       2   
deskey3_64_out[27]       1         1      0.05         0.00       2   
deskey3_64_out[28]       1         1      0.05         0.00       2   
deskey3_64_out[29]       1         1      0.05         0.00       2   
deskey3_64_out[30]       1         1      0.05         0.00       2   
deskey3_64_out[31]       1         1      0.05         0.00       2   
deskey3_64_out[32]       1         1      0.05         0.00       2   
deskey3_64_out[33]       1         1      0.05         0.00       2   
deskey3_64_out[34]       1         1      0.05         0.00       2   
deskey3_64_out[35]       1         1      0.05         0.00       2   
deskey3_64_out[36]       1         1      0.05         0.00       2   
deskey3_64_out[37]       1         1      0.05         0.00       2   
deskey3_64_out[38]       1         1      0.05         0.00       2   
deskey3_64_out[39]       1         1      0.05         0.00       2   
deskey3_64_out[40]       1         1      0.05         0.00       2   
deskey3_64_out[41]       1         1      0.05         0.00       2   
deskey3_64_out[42]       1         1      0.05         0.00       2   
deskey3_64_out[43]       1         1      0.05         0.00       2   
deskey3_64_out[44]       1         1      0.05         0.00       2   
deskey3_64_out[45]       1         1      0.05         0.00       2   
deskey3_64_out[46]       1         1      0.05         0.00       2   
deskey3_64_out[47]       1         1      0.05         0.00       2   
deskey3_64_out[48]       1         1      0.05         0.00       2   
deskey3_64_out[49]       1         1      0.05         0.00       2   
deskey3_64_out[50]       1         1      0.05         0.00       2   
deskey3_64_out[51]       1         1      0.05         0.00       2   
deskey3_64_out[52]       1         1      0.05         0.00       2   
deskey3_64_out[53]       1         1      0.05         0.00       2   
deskey3_64_out[54]       1         1      0.05         0.00       2   
deskey3_64_out[55]       1         1      0.05         0.00       2   
deskey3_64_out[56]       1         1      0.05         0.00       2   
deskey3_64_out[57]       1         1      0.05         0.00       2   
deskey3_64_out[58]       1         1      0.05         0.00       2   
deskey3_64_out[59]       1         1      0.05         0.00       2   
deskey3_64_out[60]       1         1      0.05         0.00       2   
deskey3_64_out[61]       1         1      0.05         0.00       2   
deskey3_64_out[62]       1         1      0.05         0.00       2   
deskey3_64_out[63]       1         1      0.05         0.00       2   
deskey_sel               1         1      0.05         0.00       2   
deskey_sel_d1            1         1      0.05         0.00       2   
deskey_wr                2         1      0.09         0.00       3   
edr[0]                   9         1      0.25         0.00      10   
edr[1]                   5         1      0.16         0.00       6   
haddr[0]                 1         1      0.05         0.00       2   
haddr[1]                 1         1      0.05         0.00       2   
haddr[2]                 3         1      0.11         0.00       4   
haddr[3]                 3         1      0.11         0.00       4   
haddr[4]                 1         1      0.06         0.00       2   
haddr[5]                 1         1      0.05         0.00       2   
haddr[6]                 1         1      0.05         0.00       2   
haddr[7]                 1         1      0.05         0.00       2   
haddr[8]                 1         1      0.05         0.00       2   
haddr[9]                 1         1      0.05         0.00       2   
hclk                   101         1      0.57         0.00     102   dr
hrdata[0]                1         1      0.05         0.00       2   
hrdata[1]                1         1      0.05         0.00       2   
hrdata[2]                1         1      0.05         0.00       2   
hrdata[3]                1         1      0.05         0.00       2   
hrdata[4]                1         1      0.05         0.00       2   
hrdata[5]                1         1      0.05         0.00       2   
hrdata[6]                1         1      0.05         0.00       2   
hrdata[7]                1         1      0.05         0.00       2   
hrdata[8]                1         1      0.05         0.00       2   
hrdata[9]                1         1      0.05         0.00       2   
hrdata[10]               1         1      0.05         0.00       2   
hrdata[11]               1         1      0.05         0.00       2   
hrdata[12]               1         1      0.05         0.00       2   
hrdata[13]               1         1      0.05         0.00       2   
hrdata[14]               1         1      0.05         0.00       2   
hrdata[15]               1         1      0.05         0.00       2   
hrdata[16]               1         1      0.05         0.00       2   
hrdata[17]               1         1      0.05         0.00       2   
hrdata[18]               1         1      0.05         0.00       2   
hrdata[19]               1         1      0.05         0.00       2   
hrdata[20]               1         1      0.05         0.00       2   
hrdata[21]               1         1      0.05         0.00       2   
hrdata[22]               1         1      0.05         0.00       2   
hrdata[23]               1         1      0.05         0.00       2   
hrdata[24]               1         1      0.05         0.00       2   
hrdata[25]               1         1      0.05         0.00       2   
hrdata[26]               1         1      0.05         0.00       2   
hrdata[27]               1         1      0.05         0.00       2   
hrdata[28]               1         1      0.05         0.00       2   
hrdata[29]               1         1      0.05         0.00       2   
hrdata[30]               1         1      0.05         0.00       2   
hrdata[31]               1         1      0.05         0.00       2   
hready                   1         1      0.05         0.00       2   
hready_resp              1         1      0.05         0.00       2   
hresetn                248         1      0.00         0.00     249   d, I
hresp[0]                 1         1      0.05         0.00       2   
hresp[1]                 1         1      0.05         0.00       2   
hsel                     1         1      0.05         0.00       2   
htrans[1]                1         1      0.05         0.00       2   
hwdata[0]                1         1      0.05         0.00       2   
hwdata[1]                1         1      0.05         0.00       2   
hwdata[2]                1         1      0.05         0.00       2   
hwdata[3]                1         1      0.05         0.00       2   
hwdata[4]                1         1      0.05         0.00       2   
hwdata[5]                1         1      0.05         0.00       2   
hwdata[6]                1         1      0.05         0.00       2   
hwdata[7]                1         1      0.05         0.00       2   
hwdata[8]                1         1      0.05         0.00       2   
hwdata[9]                1         1      0.05         0.00       2   
hwdata[10]               1         1      0.05         0.00       2   
hwdata[11]               1         1      0.05         0.00       2   
hwdata[12]               1         1      0.05         0.00       2   
hwdata[13]               1         1      0.05         0.00       2   
hwdata[14]               1         1      0.05         0.00       2   
hwdata[15]               1         1      0.05         0.00       2   
hwdata[16]               1         1      0.05         0.00       2   
hwdata[17]               1         1      0.05         0.00       2   
hwdata[18]               1         1      0.05         0.00       2   
hwdata[19]               1         1      0.05         0.00       2   
hwdata[20]               1         1      0.05         0.00       2   
hwdata[21]               1         1      0.05         0.00       2   
hwdata[22]               1         1      0.05         0.00       2   
hwdata[23]               1         1      0.05         0.00       2   
hwdata[24]               1         1      0.05         0.00       2   
hwdata[25]               1         1      0.05         0.00       2   
hwdata[26]               1         1      0.05         0.00       2   
hwdata[27]               1         1      0.05         0.00       2   
hwdata[28]               1         1      0.05         0.00       2   
hwdata[29]               1         1      0.05         0.00       2   
hwdata[30]               1         1      0.05         0.00       2   
hwdata[31]               1         1      0.05         0.00       2   
hwrite                   1         1      0.06         0.00       2   
n3                       1         1      0.05         0.00       2   
n4                      10         1      0.25         0.00      11   
n5                       3         1      0.11         0.00       4   
n6                       5         1      0.14         0.00       6   
n7                      38         1      0.34         0.00      39   
n8                      32         1      0.29         0.00      33   
n9                       8         1      0.22         0.00       9   
n10                      2         1      0.08         0.00       3   
n11                      2         1      0.10         0.00       3   
n12                      2         1      0.08         0.00       3   
n13                      3         1      0.11         0.00       4   
n14                      3         1      0.12         0.00       4   
n15                      2         1      0.07         0.00       3   
n16                      4         1      0.14         0.00       5   
n17                      2         1      0.08         0.00       3   
n18                      2         1      0.08         0.00       3   
n19                      2         1      0.08         0.00       3   
n20                      4         1      0.15         0.00       5   
n21                      2         1      0.08         0.00       3   
n22                      2         1      0.08         0.00       3   
n24                      1         1      0.05         0.00       2   
n25                      1         1      0.05         0.00       2   
n26                      8         1      0.19         0.00       9   
n27                      2         1      0.08         0.00       3   
n29                      1         1      0.05         0.00       2   
n34                      3         1      0.11         0.00       4   
n35                      4         1      0.14         0.00       5   
n36                      2         1      0.08         0.00       3   
n37                      2         1      0.08         0.00       3   
n38                      2         1      0.08         0.00       3   
n39                      2         1      0.08         0.00       3   
n40                      2         1      0.08         0.00       3   
n41                      2         1      0.09         0.00       3   
n45                      2         1      0.09         0.00       3   dr
n48                      1         1      0.05         0.00       2   
net1749                  2         1      0.07         0.00       3   
nextiv_ready             1         1      0.05         0.00       2   
nextiv_ready_en          1         1      0.05         0.00       2   
run_delay                1         1      0.05         0.00       2   
rw                       2         1      0.08         0.00       3   
--------------------------------------------------------------------------------
Total 648 nets        1840       648     49.88         0.00    2488
Maximum                248         1      0.57         0.00     249
Average               2.84      1.00      0.08         0.00    3.84

 
                                  Transition Times
Net:                             Rise           Fall
--------------------------------------------------------------------------------
CLKGATING_hclk_POWERGATING_hclk_N26_0_0
                                 0.00           0.00
N19                              0.93           0.57
N20                              0.93           0.57
N21                              0.93           0.57
N22                              0.93           0.57
N23                              0.93           0.57
N24                              0.93           0.57
N25                              0.94           0.57
N26                              0.72           0.66
N27                              0.46           0.29
N31                              0.78           0.50
N32                              0.40           0.28
N33                              0.65           0.41
N34                              0.65           0.41
N35                              0.46           0.33
N42                              1.06           0.82
N43                              0.98           0.58
N44                              0.98           0.58
N45                              0.98           0.59
N46                              0.48           0.30
N47                              0.48           0.30
N48                              0.48           0.30
N49                              0.48           0.30
N50                              0.48           0.30
N51                              0.48           0.30
N52                              0.48           0.30
N53                              0.48           0.30
N54                              0.48           0.30
N55                              0.48           0.30
N56                              0.48           0.30
N57                              0.48           0.30
N58                              0.48           0.30
N59                              0.48           0.30
N60                              0.48           0.30
N61                              0.48           0.30
N62                              0.48           0.30
N63                              0.48           0.30
N64                              0.48           0.30
N65                              0.48           0.30
N66                              0.48           0.30
N67                              0.48           0.30
N68                              0.48           0.30
N69                              0.48           0.30
N70                              0.48           0.30
N71                              0.48           0.30
N72                              0.48           0.30
N73                              0.48           0.30
N74                              0.48           0.30
N75                              0.48           0.30
N76                              0.48           0.30
N77                              0.48           0.30
N82                              0.45           0.31
POR                              0.00           0.00
Test_Mode                        0.00           0.00
clr_ptr                          0.70           0.41
dbusin[0]                        0.82           0.46
dbusin[1]                        0.88           0.50
dbusin[2]                        0.88           0.50
dbusin[3]                        0.88           0.50
dbusin[4]                        0.88           0.50
dbusin[5]                        0.88           0.50
dbusin[6]                        0.88           0.50
dbusin[7]                        0.88           0.50
dbusin[8]                        0.65           0.37
dbusin[9]                        0.82           0.46
dbusin[10]                       0.82           0.46
dbusin[11]                       0.82           0.46
dbusin[12]                       0.82           0.46
dbusin[13]                       0.82           0.46
dbusin[14]                       0.82           0.46
dbusin[15]                       0.82           0.46
dbusin[16]                       0.65           0.37
dbusin[17]                       0.82           0.46
dbusin[18]                       0.82           0.46
dbusin[19]                       0.82           0.46
dbusin[20]                       0.82           0.46
dbusin[21]                       0.82           0.46
dbusin[22]                       0.82           0.46
dbusin[23]                       0.82           0.46
dbusin[24]                       0.65           0.37
dbusin[25]                       0.82           0.46
dbusin[26]                       0.82           0.46
dbusin[27]                       0.82           0.46
dbusin[28]                       0.82           0.46
dbusin[29]                       0.82           0.46
dbusin[30]                       0.82           0.46
dbusin[31]                       0.82           0.46
des_start                        0.48           0.29
desctrl[4]                       0.55           0.32
desctrl[5]                       1.02           0.57
desctrl[6]                       1.06           0.59
desctrl[7]                       0.80           0.45
desctrl_0                        0.74           0.42
desctrl_1                        0.75           0.43
desctrl_sel                      0.57           0.32
desctrl_sel_d1                   0.42           0.24
desdat_8_out[0]                  0.43           0.27
desdat_8_out[1]                  0.43           0.27
desdat_8_out[2]                  0.43           0.27
desdat_8_out[3]                  0.43           0.27
desdat_8_out[4]                  0.43           0.27
desdat_8_out[5]                  0.43           0.27
desdat_8_out[6]                  0.43           0.27
desdat_8_out[7]                  0.43           0.27
desdat_8_out[8]                  0.42           0.26
desdat_8_out[9]                  0.42           0.26
desdat_8_out[10]                 0.43           0.27
desdat_8_out[11]                 0.43           0.27
desdat_8_out[12]                 0.43           0.27
desdat_8_out[13]                 0.43           0.27
desdat_8_out[14]                 0.43           0.27
desdat_8_out[15]                 0.42           0.27
desdat_8_out[16]                 0.43           0.27
desdat_8_out[17]                 0.43           0.27
desdat_8_out[18]                 0.43           0.27
desdat_8_out[19]                 0.43           0.27
desdat_8_out[20]                 0.43           0.27
desdat_8_out[21]                 0.43           0.27
desdat_8_out[22]                 0.43           0.27
desdat_8_out[23]                 0.42           0.27
desdat_8_out[24]                 0.42           0.27
desdat_8_out[25]                 0.42           0.27
desdat_8_out[26]                 0.42           0.27
desdat_8_out[27]                 0.42           0.27
desdat_8_out[28]                 0.42           0.27
desdat_8_out[29]                 0.42           0.27
desdat_8_out[30]                 0.42           0.27
desdat_8_out[31]                 0.42           0.27
desdat_64_in[0]                  0.43           0.30
desdat_64_in[1]                  0.43           0.30
desdat_64_in[2]                  0.43           0.30
desdat_64_in[3]                  0.43           0.30
desdat_64_in[4]                  0.43           0.30
desdat_64_in[5]                  0.43           0.30
desdat_64_in[6]                  0.43           0.30
desdat_64_in[7]                  0.43           0.30
desdat_64_in[8]                  0.43           0.30
desdat_64_in[9]                  0.43           0.30
desdat_64_in[10]                 0.43           0.30
desdat_64_in[11]                 0.43           0.30
desdat_64_in[12]                 0.43           0.30
desdat_64_in[13]                 0.43           0.30
desdat_64_in[14]                 0.43           0.30
desdat_64_in[15]                 0.43           0.30
desdat_64_in[16]                 0.43           0.30
desdat_64_in[17]                 0.43           0.30
desdat_64_in[18]                 0.43           0.30
desdat_64_in[19]                 0.43           0.30
desdat_64_in[20]                 0.43           0.30
desdat_64_in[21]                 0.43           0.30
desdat_64_in[22]                 0.43           0.30
desdat_64_in[23]                 0.43           0.30
desdat_64_in[24]                 0.43           0.30
desdat_64_in[25]                 0.43           0.30
desdat_64_in[26]                 0.43           0.30
desdat_64_in[27]                 0.43           0.30
desdat_64_in[28]                 0.43           0.30
desdat_64_in[29]                 0.43           0.30
desdat_64_in[30]                 0.43           0.30
desdat_64_in[31]                 0.43           0.30
desdat_64_in[32]                 0.43           0.30
desdat_64_in[33]                 0.43           0.30
desdat_64_in[34]                 0.43           0.30
desdat_64_in[35]                 0.43           0.30
desdat_64_in[36]                 0.43           0.30
desdat_64_in[37]                 0.43           0.30
desdat_64_in[38]                 0.43           0.30
desdat_64_in[39]                 0.43           0.30
desdat_64_in[40]                 0.43           0.30
desdat_64_in[41]                 0.43           0.30
desdat_64_in[42]                 0.43           0.30
desdat_64_in[43]                 0.43           0.30
desdat_64_in[44]                 0.43           0.30
desdat_64_in[45]                 0.43           0.30
desdat_64_in[46]                 0.43           0.30
desdat_64_in[47]                 0.43           0.30
desdat_64_in[48]                 0.43           0.30
desdat_64_in[49]                 0.43           0.30
desdat_64_in[50]                 0.43           0.30
desdat_64_in[51]                 0.43           0.30
desdat_64_in[52]                 0.43           0.30
desdat_64_in[53]                 0.43           0.30
desdat_64_in[54]                 0.43           0.30
desdat_64_in[55]                 0.43           0.30
desdat_64_in[56]                 0.43           0.30
desdat_64_in[57]                 0.43           0.30
desdat_64_in[58]                 0.43           0.30
desdat_64_in[59]                 0.43           0.30
desdat_64_in[60]                 0.43           0.30
desdat_64_in[61]                 0.43           0.30
desdat_64_in[62]                 0.43           0.30
desdat_64_in[63]                 0.43           0.30
desdat_64_out[0]                 0.97           0.54
desdat_64_out[1]                 0.97           0.54
desdat_64_out[2]                 0.97           0.54
desdat_64_out[3]                 0.97           0.54
desdat_64_out[4]                 0.97           0.54
desdat_64_out[5]                 0.97           0.54
desdat_64_out[6]                 0.97           0.54
desdat_64_out[7]                 0.97           0.54
desdat_64_out[8]                 0.97           0.54
desdat_64_out[9]                 0.97           0.54
desdat_64_out[10]                0.97           0.54
desdat_64_out[11]                0.97           0.54
desdat_64_out[12]                0.97           0.54
desdat_64_out[13]                0.97           0.54
desdat_64_out[14]                0.97           0.54
desdat_64_out[15]                0.97           0.54
desdat_64_out[16]                0.97           0.54
desdat_64_out[17]                0.97           0.54
desdat_64_out[18]                0.97           0.54
desdat_64_out[19]                0.97           0.54
desdat_64_out[20]                0.97           0.54
desdat_64_out[21]                0.97           0.54
desdat_64_out[22]                0.97           0.54
desdat_64_out[23]                0.97           0.54
desdat_64_out[24]                0.97           0.54
desdat_64_out[25]                0.97           0.54
desdat_64_out[26]                0.97           0.54
desdat_64_out[27]                0.97           0.54
desdat_64_out[28]                0.97           0.54
desdat_64_out[29]                0.97           0.54
desdat_64_out[30]                0.97           0.54
desdat_64_out[31]                0.97           0.54
desdat_64_out[32]                0.97           0.54
desdat_64_out[33]                0.97           0.54
desdat_64_out[34]                0.97           0.54
desdat_64_out[35]                0.97           0.54
desdat_64_out[36]                0.97           0.54
desdat_64_out[37]                0.97           0.54
desdat_64_out[38]                0.97           0.54
desdat_64_out[39]                0.97           0.54
desdat_64_out[40]                0.97           0.54
desdat_64_out[41]                0.97           0.54
desdat_64_out[42]                0.97           0.54
desdat_64_out[43]                0.97           0.54
desdat_64_out[44]                0.97           0.54
desdat_64_out[45]                0.97           0.54
desdat_64_out[46]                0.97           0.54
desdat_64_out[47]                0.97           0.54
desdat_64_out[48]                0.97           0.54
desdat_64_out[49]                0.97           0.54
desdat_64_out[50]                0.97           0.54
desdat_64_out[51]                0.97           0.54
desdat_64_out[52]                0.97           0.54
desdat_64_out[53]                0.97           0.54
desdat_64_out[54]                0.97           0.54
desdat_64_out[55]                0.97           0.54
desdat_64_out[56]                0.97           0.54
desdat_64_out[57]                0.97           0.54
desdat_64_out[58]                0.97           0.54
desdat_64_out[59]                0.97           0.54
desdat_64_out[60]                0.97           0.54
desdat_64_out[61]                0.97           0.54
desdat_64_out[62]                0.97           0.54
desdat_64_out[63]                0.97           0.54
desdat_full                      0.40           0.23
desdat_rd                        1.11           0.60
desdat_ready                     1.10           0.62
desdat_sel_d1                    0.40           0.23
desdat_wr                        1.12           0.64
desiv_64_out[0]                  0.61           0.35
desiv_64_out[1]                  0.61           0.35
desiv_64_out[2]                  0.61           0.35
desiv_64_out[3]                  0.61           0.35
desiv_64_out[4]                  0.61           0.35
desiv_64_out[5]                  0.61           0.35
desiv_64_out[6]                  0.61           0.35
desiv_64_out[7]                  0.61           0.35
desiv_64_out[8]                  0.61           0.35
desiv_64_out[9]                  0.61           0.35
desiv_64_out[10]                 0.61           0.35
desiv_64_out[11]                 0.61           0.35
desiv_64_out[12]                 0.61           0.35
desiv_64_out[13]                 0.61           0.35
desiv_64_out[14]                 0.61           0.35
desiv_64_out[15]                 0.61           0.35
desiv_64_out[16]                 0.61           0.35
desiv_64_out[17]                 0.61           0.35
desiv_64_out[18]                 0.61           0.35
desiv_64_out[19]                 0.61           0.35
desiv_64_out[20]                 0.61           0.35
desiv_64_out[21]                 0.61           0.35
desiv_64_out[22]                 0.61           0.35
desiv_64_out[23]                 0.61           0.35
desiv_64_out[24]                 0.61           0.35
desiv_64_out[25]                 0.61           0.35
desiv_64_out[26]                 0.61           0.35
desiv_64_out[27]                 0.61           0.35
desiv_64_out[28]                 0.61           0.35
desiv_64_out[29]                 0.61           0.35
desiv_64_out[30]                 0.61           0.35
desiv_64_out[31]                 0.61           0.35
desiv_64_out[32]                 0.61           0.35
desiv_64_out[33]                 0.61           0.35
desiv_64_out[34]                 0.61           0.35
desiv_64_out[35]                 0.61           0.35
desiv_64_out[36]                 0.61           0.35
desiv_64_out[37]                 0.61           0.35
desiv_64_out[38]                 0.61           0.35
desiv_64_out[39]                 0.61           0.35
desiv_64_out[40]                 0.61           0.35
desiv_64_out[41]                 0.61           0.35
desiv_64_out[42]                 0.61           0.35
desiv_64_out[43]                 0.61           0.35
desiv_64_out[44]                 0.61           0.35
desiv_64_out[45]                 0.61           0.35
desiv_64_out[46]                 0.61           0.35
desiv_64_out[47]                 0.61           0.35
desiv_64_out[48]                 0.61           0.35
desiv_64_out[49]                 0.61           0.35
desiv_64_out[50]                 0.61           0.35
desiv_64_out[51]                 0.61           0.35
desiv_64_out[52]                 0.61           0.35
desiv_64_out[53]                 0.61           0.35
desiv_64_out[54]                 0.61           0.35
desiv_64_out[55]                 0.61           0.35
desiv_64_out[56]                 0.61           0.35
desiv_64_out[57]                 0.61           0.35
desiv_64_out[58]                 0.61           0.35
desiv_64_out[59]                 0.61           0.35
desiv_64_out[60]                 0.61           0.35
desiv_64_out[61]                 0.61           0.35
desiv_64_out[62]                 0.61           0.35
desiv_64_out[63]                 0.61           0.35
desiv_sel                        0.40           0.23
desiv_sel_d1                     0.40           0.23
desiv_wr                         0.84           0.48
deskey1_64_out[0]                0.00           0.00
deskey1_64_out[1]                0.41           0.24
deskey1_64_out[2]                0.41           0.24
deskey1_64_out[3]                0.41           0.24
deskey1_64_out[4]                0.41           0.24
deskey1_64_out[5]                0.41           0.24
deskey1_64_out[6]                0.41           0.24
deskey1_64_out[7]                0.41           0.24
deskey1_64_out[8]                0.00           0.00
deskey1_64_out[9]                0.41           0.24
deskey1_64_out[10]               0.41           0.24
deskey1_64_out[11]               0.41           0.24
deskey1_64_out[12]               0.41           0.24
deskey1_64_out[13]               0.41           0.24
deskey1_64_out[14]               0.41           0.24
deskey1_64_out[15]               0.41           0.24
deskey1_64_out[16]               0.00           0.00
deskey1_64_out[17]               0.41           0.24
deskey1_64_out[18]               0.41           0.24
deskey1_64_out[19]               0.41           0.24
deskey1_64_out[20]               0.41           0.24
deskey1_64_out[21]               0.41           0.24
deskey1_64_out[22]               0.41           0.24
deskey1_64_out[23]               0.41           0.24
deskey1_64_out[24]               0.00           0.00
deskey1_64_out[25]               0.41           0.24
deskey1_64_out[26]               0.41           0.24
deskey1_64_out[27]               0.41           0.24
deskey1_64_out[28]               0.41           0.24
deskey1_64_out[29]               0.41           0.24
deskey1_64_out[30]               0.41           0.24
deskey1_64_out[31]               0.41           0.24
deskey1_64_out[32]               0.00           0.00
deskey1_64_out[33]               0.41           0.24
deskey1_64_out[34]               0.41           0.24
deskey1_64_out[35]               0.41           0.24
deskey1_64_out[36]               0.41           0.24
deskey1_64_out[37]               0.41           0.24
deskey1_64_out[38]               0.41           0.24
deskey1_64_out[39]               0.41           0.24
deskey1_64_out[40]               0.00           0.00
deskey1_64_out[41]               0.41           0.24
deskey1_64_out[42]               0.41           0.24
deskey1_64_out[43]               0.41           0.24
deskey1_64_out[44]               0.41           0.24
deskey1_64_out[45]               0.41           0.24
deskey1_64_out[46]               0.41           0.24
deskey1_64_out[47]               0.41           0.24
deskey1_64_out[48]               0.00           0.00
deskey1_64_out[49]               0.41           0.24
deskey1_64_out[50]               0.41           0.24
deskey1_64_out[51]               0.41           0.24
deskey1_64_out[52]               0.41           0.24
deskey1_64_out[53]               0.41           0.24
deskey1_64_out[54]               0.41           0.24
deskey1_64_out[55]               0.41           0.24
deskey1_64_out[56]               0.00           0.00
deskey1_64_out[57]               0.41           0.24
deskey1_64_out[58]               0.41           0.24
deskey1_64_out[59]               0.41           0.24
deskey1_64_out[60]               0.41           0.24
deskey1_64_out[61]               0.41           0.24
deskey1_64_out[62]               0.41           0.24
deskey1_64_out[63]               0.41           0.24
deskey2_64_out[0]                0.00           0.00
deskey2_64_out[1]                0.41           0.24
deskey2_64_out[2]                0.41           0.24
deskey2_64_out[3]                0.41           0.24
deskey2_64_out[4]                0.41           0.24
deskey2_64_out[5]                0.41           0.24
deskey2_64_out[6]                0.41           0.24
deskey2_64_out[7]                0.41           0.24
deskey2_64_out[8]                0.00           0.00
deskey2_64_out[9]                0.41           0.24
deskey2_64_out[10]               0.41           0.24
deskey2_64_out[11]               0.41           0.24
deskey2_64_out[12]               0.41           0.24
deskey2_64_out[13]               0.41           0.24
deskey2_64_out[14]               0.41           0.24
deskey2_64_out[15]               0.41           0.24
deskey2_64_out[16]               0.00           0.00
deskey2_64_out[17]               0.41           0.24
deskey2_64_out[18]               0.41           0.24
deskey2_64_out[19]               0.41           0.24
deskey2_64_out[20]               0.41           0.24
deskey2_64_out[21]               0.41           0.24
deskey2_64_out[22]               0.41           0.24
deskey2_64_out[23]               0.41           0.24
deskey2_64_out[24]               0.00           0.00
deskey2_64_out[25]               0.41           0.24
deskey2_64_out[26]               0.41           0.24
deskey2_64_out[27]               0.41           0.24
deskey2_64_out[28]               0.41           0.24
deskey2_64_out[29]               0.41           0.24
deskey2_64_out[30]               0.41           0.24
deskey2_64_out[31]               0.41           0.24
deskey2_64_out[32]               0.00           0.00
deskey2_64_out[33]               0.41           0.24
deskey2_64_out[34]               0.41           0.24
deskey2_64_out[35]               0.41           0.24
deskey2_64_out[36]               0.41           0.24
deskey2_64_out[37]               0.41           0.24
deskey2_64_out[38]               0.41           0.24
deskey2_64_out[39]               0.41           0.24
deskey2_64_out[40]               0.00           0.00
deskey2_64_out[41]               0.41           0.24
deskey2_64_out[42]               0.41           0.24
deskey2_64_out[43]               0.41           0.24
deskey2_64_out[44]               0.41           0.24
deskey2_64_out[45]               0.41           0.24
deskey2_64_out[46]               0.41           0.24
deskey2_64_out[47]               0.41           0.24
deskey2_64_out[48]               0.00           0.00
deskey2_64_out[49]               0.41           0.24
deskey2_64_out[50]               0.41           0.24
deskey2_64_out[51]               0.41           0.24
deskey2_64_out[52]               0.41           0.24
deskey2_64_out[53]               0.41           0.24
deskey2_64_out[54]               0.41           0.24
deskey2_64_out[55]               0.41           0.24
deskey2_64_out[56]               0.00           0.00
deskey2_64_out[57]               0.41           0.24
deskey2_64_out[58]               0.41           0.24
deskey2_64_out[59]               0.41           0.24
deskey2_64_out[60]               0.41           0.24
deskey2_64_out[61]               0.41           0.24
deskey2_64_out[62]               0.41           0.24
deskey2_64_out[63]               0.41           0.24
deskey3_64_out[0]                0.00           0.00
deskey3_64_out[1]                0.42           0.24
deskey3_64_out[2]                0.42           0.24
deskey3_64_out[3]                0.42           0.24
deskey3_64_out[4]                0.42           0.24
deskey3_64_out[5]                0.42           0.24
deskey3_64_out[6]                0.42           0.24
deskey3_64_out[7]                0.42           0.24
deskey3_64_out[8]                0.00           0.00
deskey3_64_out[9]                0.42           0.24
deskey3_64_out[10]               0.42           0.24
deskey3_64_out[11]               0.42           0.24
deskey3_64_out[12]               0.42           0.24
deskey3_64_out[13]               0.42           0.24
deskey3_64_out[14]               0.42           0.24
deskey3_64_out[15]               0.42           0.24
deskey3_64_out[16]               0.00           0.00
deskey3_64_out[17]               0.42           0.24
deskey3_64_out[18]               0.42           0.24
deskey3_64_out[19]               0.42           0.24
deskey3_64_out[20]               0.42           0.24
deskey3_64_out[21]               0.42           0.24
deskey3_64_out[22]               0.42           0.24
deskey3_64_out[23]               0.42           0.24
deskey3_64_out[24]               0.00           0.00
deskey3_64_out[25]               0.42           0.24
deskey3_64_out[26]               0.42           0.24
deskey3_64_out[27]               0.42           0.24
deskey3_64_out[28]               0.42           0.24
deskey3_64_out[29]               0.42           0.24
deskey3_64_out[30]               0.42           0.24
deskey3_64_out[31]               0.42           0.24
deskey3_64_out[32]               0.00           0.00
deskey3_64_out[33]               0.42           0.24
deskey3_64_out[34]               0.42           0.24
deskey3_64_out[35]               0.42           0.24
deskey3_64_out[36]               0.42           0.24
deskey3_64_out[37]               0.42           0.24
deskey3_64_out[38]               0.42           0.24
deskey3_64_out[39]               0.42           0.24
deskey3_64_out[40]               0.00           0.00
deskey3_64_out[41]               0.42           0.24
deskey3_64_out[42]               0.42           0.24
deskey3_64_out[43]               0.42           0.24
deskey3_64_out[44]               0.42           0.24
deskey3_64_out[45]               0.42           0.24
deskey3_64_out[46]               0.42           0.24
deskey3_64_out[47]               0.42           0.24
deskey3_64_out[48]               0.00           0.00
deskey3_64_out[49]               0.42           0.24
deskey3_64_out[50]               0.42           0.24
deskey3_64_out[51]               0.42           0.24
deskey3_64_out[52]               0.42           0.24
deskey3_64_out[53]               0.42           0.24
deskey3_64_out[54]               0.42           0.24
deskey3_64_out[55]               0.42           0.24
deskey3_64_out[56]               0.00           0.00
deskey3_64_out[57]               0.42           0.24
deskey3_64_out[58]               0.42           0.24
deskey3_64_out[59]               0.42           0.24
deskey3_64_out[60]               0.42           0.24
deskey3_64_out[61]               0.42           0.24
deskey3_64_out[62]               0.42           0.24
deskey3_64_out[63]               0.42           0.24
deskey_sel                       0.40           0.23
deskey_sel_d1                    0.40           0.23
deskey_wr                        0.68           0.40
edr[0]                           0.89           0.50
edr[1]                           1.13           0.63
haddr[0]                         0.00           0.00
haddr[1]                         0.00           0.00
haddr[2]                         0.00           0.00
haddr[3]                         0.00           0.00
haddr[4]                         0.00           0.00
haddr[5]                         0.00           0.00
haddr[6]                         0.00           0.00
haddr[7]                         0.00           0.00
haddr[8]                         0.00           0.00
haddr[9]                         0.00           0.00
hclk                             0.00           0.00
hrdata[0]                        0.87           0.57
hrdata[1]                        0.87           0.57
hrdata[2]                        0.87           0.57
hrdata[3]                        0.87           0.57
hrdata[4]                        0.87           0.57
hrdata[5]                        0.87           0.57
hrdata[6]                        0.87           0.57
hrdata[7]                        0.89           0.55
hrdata[8]                        0.41           0.27
hrdata[9]                        0.41           0.27
hrdata[10]                       0.41           0.27
hrdata[11]                       0.41           0.27
hrdata[12]                       0.41           0.27
hrdata[13]                       0.41           0.27
hrdata[14]                       0.41           0.27
hrdata[15]                       0.41           0.27
hrdata[16]                       0.41           0.27
hrdata[17]                       0.41           0.27
hrdata[18]                       0.41           0.27
hrdata[19]                       0.41           0.27
hrdata[20]                       0.41           0.27
hrdata[21]                       0.41           0.27
hrdata[22]                       0.41           0.27
hrdata[23]                       0.41           0.27
hrdata[24]                       0.41           0.27
hrdata[25]                       0.41           0.27
hrdata[26]                       0.41           0.27
hrdata[27]                       0.41           0.27
hrdata[28]                       0.41           0.27
hrdata[29]                       0.41           0.27
hrdata[30]                       0.41           0.27
hrdata[31]                       0.41           0.27
hready                           0.00           0.00
hready_resp                      0.37           0.22
hresetn                          0.00           0.00
hresp[0]                         0.00           0.00
hresp[1]                         0.00           0.00
hsel                             0.00           0.00
htrans[1]                        0.00           0.00
hwdata[0]                        0.00           0.00
hwdata[1]                        0.00           0.00
hwdata[2]                        0.00           0.00
hwdata[3]                        0.00           0.00
hwdata[4]                        0.00           0.00
hwdata[5]                        0.00           0.00
hwdata[6]                        0.00           0.00
hwdata[7]                        0.00           0.00
hwdata[8]                        0.00           0.00
hwdata[9]                        0.00           0.00
hwdata[10]                       0.00           0.00
hwdata[11]                       0.00           0.00
hwdata[12]                       0.00           0.00
hwdata[13]                       0.00           0.00
hwdata[14]                       0.00           0.00
hwdata[15]                       0.00           0.00
hwdata[16]                       0.00           0.00
hwdata[17]                       0.00           0.00
hwdata[18]                       0.00           0.00
hwdata[19]                       0.00           0.00
hwdata[20]                       0.00           0.00
hwdata[21]                       0.00           0.00
hwdata[22]                       0.00           0.00
hwdata[23]                       0.00           0.00
hwdata[24]                       0.00           0.00
hwdata[25]                       0.00           0.00
hwdata[26]                       0.00           0.00
hwdata[27]                       0.00           0.00
hwdata[28]                       0.00           0.00
hwdata[29]                       0.00           0.00
hwdata[30]                       0.00           0.00
hwdata[31]                       0.00           0.00
hwrite                           0.00           0.00
n3                               0.90           0.68
n4                               0.83           0.63
n5                               1.03           1.03
n6                               1.02           0.57
n7                               2.40           1.32
n8                               1.03           0.86
n9                               1.06           0.82
n10                              0.45           0.36
n11                              0.78           0.45
n12                              0.59           0.37
n13                              0.69           0.70
n14                              0.59           0.30
n15                              0.96           1.05
n16                              0.73           0.57
n17                              0.94           1.06
n18                              0.88           1.06
n19                              0.88           1.06
n20                              1.07           0.60
n21                              0.42           0.22
n22                              0.43           0.22
n24                              0.42           0.26
n25                              0.48           0.27
n26                              1.08           0.67
n27                              0.93           1.05
n29                              0.23           0.15
n34                              0.77           0.46
n35                              1.00           0.58
n36                              0.58           0.36
n37                              0.58           0.36
n38                              0.58           0.36
n39                              0.32           0.25
n40                              0.58           0.36
n41                              0.66           0.40
n45                              0.00           0.00
n48                              0.39           0.26
net1749                          0.57           0.47
nextiv_ready                     1.02           0.54
nextiv_ready_en                  0.43           0.25
run_delay                        0.42           0.25
rw                               0.59           0.34
--------------------------------------------------------------------------------
Total 648 nets                 331.13         201.04
Maximum                          2.40           1.32
Average                          0.51           0.31
1
