 
****************************************
Report : area
Design : des
Version: Z-2007.03-SP1
Date   : Fri Sep 18 12:13:12 2009
****************************************

Library(s) Used:

    fsa0a_c_sc_wc (File: /export/home/user/wangyl/rtlqa_env/techlib/std_cell/FrontEnd/synopsys/fsa0a_c_sc_wc.db)

Number of ports:               92
Number of nets:               648
Number of cells:              176
Number of references:          34

Combinational area:       23874.000000
Noncombinational area:    7804.000000
Net Interconnect area:      undefined  (Wire load has zero net area)

Total cell area:          31678.000000
Total area:                 undefined


********************************
*  Report area for sub-blocks  *
********************************
Current design is 'des_key'.
The cell counts of the design des_key : 275
The cell area is : 3431.000000

Information: Iteration for collection _sel40 was terminated
	because the collection was modified or deleted. (SEL-012)
